You have triggered an unhandledRejection, you may have forgotten to catch a Promise rejection:
Error [ERR_MODULE_NOT_FOUND]: Cannot find module '/home/websites/degenduel/server/utils/logger.js' imported from /home/websites/degenduel/server/routes/users.js
    at finalizeResolution (node:internal/modules/esm/resolve:257:11)
    at moduleResolve (node:internal/modules/esm/resolve:913:10)
    at defaultResolve (node:internal/modules/esm/resolve:1037:11)
    at ModuleLoader.defaultResolve (node:internal/modules/esm/loader:650:12)
    at #cachedDefaultResolve (node:internal/modules/esm/loader:599:25)
    at ModuleLoader.resolve (node:internal/modules/esm/loader:582:38)
    at ModuleLoader.getModuleJobForImport (node:internal/modules/esm/loader:241:38)
    at ModuleJob._link (node:internal/modules/esm/module_job:132:49)
You have triggered an unhandledRejection, you may have forgotten to catch a Promise rejection:
Error [ERR_MODULE_NOT_FOUND]: Cannot find module '/home/websites/degenduel/server/utils/logger.js' imported from /home/websites/degenduel/server/routes/users.js
    at finalizeResolution (node:internal/modules/esm/resolve:257:11)
    at moduleResolve (node:internal/modules/esm/resolve:913:10)
    at defaultResolve (node:internal/modules/esm/resolve:1037:11)
    at ModuleLoader.defaultResolve (node:internal/modules/esm/loader:650:12)
    at #cachedDefaultResolve (node:internal/modules/esm/loader:599:25)
    at ModuleLoader.resolve (node:internal/modules/esm/loader:582:38)
    at ModuleLoader.getModuleJobForImport (node:internal/modules/esm/loader:241:38)
    at ModuleJob._link (node:internal/modules/esm/module_job:132:49)
You have triggered an unhandledRejection, you may have forgotten to catch a Promise rejection:
ReferenceError: Cannot access 'app' before initialization
    at file:///home/websites/degenduel/server/index.js:17:14
    at ModuleJob.run (node:internal/modules/esm/module_job:268:25)
    at async onImport.tracePromise.__proto__ (node:internal/modules/esm/loader:543:26)
You have triggered an unhandledRejection, you may have forgotten to catch a Promise rejection:
ReferenceError: Cannot access 'app' before initialization
    at file:///home/websites/degenduel/server/index.js:17:14
    at ModuleJob.run (node:internal/modules/esm/module_job:268:25)
    at async onImport.tracePromise.__proto__ (node:internal/modules/esm/loader:543:26)
You have triggered an unhandledRejection, you may have forgotten to catch a Promise rejection:
ReferenceError: Cannot access 'app' before initialization
    at file:///home/websites/degenduel/server/index.js:17:14
    at ModuleJob.run (node:internal/modules/esm/module_job:268:25)
    at async onImport.tracePromise.__proto__ (node:internal/modules/esm/loader:543:26)
You have triggered an unhandledRejection, you may have forgotten to catch a Promise rejection:
ReferenceError: Cannot access 'app' before initialization
    at file:///home/websites/degenduel/server/index.js:17:14
    at ModuleJob.run (node:internal/modules/esm/module_job:268:25)
    at async onImport.tracePromise.__proto__ (node:internal/modules/esm/loader:543:26)
You have triggered an unhandledRejection, you may have forgotten to catch a Promise rejection:
ReferenceError: Cannot access 'app' before initialization
    at file:///home/websites/degenduel/server/index.js:17:14
    at ModuleJob.run (node:internal/modules/esm/module_job:268:25)
    at async onImport.tracePromise.__proto__ (node:internal/modules/esm/loader:543:26)
You have triggered an unhandledRejection, you may have forgotten to catch a Promise rejection:
ReferenceError: Cannot access 'app' before initialization
    at file:///home/websites/degenduel/server/index.js:17:14
    at ModuleJob.run (node:internal/modules/esm/module_job:268:25)
    at async onImport.tracePromise.__proto__ (node:internal/modules/esm/loader:543:26)
You have triggered an unhandledRejection, you may have forgotten to catch a Promise rejection:
ReferenceError: Cannot access 'app' before initialization
    at file:///home/websites/degenduel/server/index.js:17:14
    at ModuleJob.run (node:internal/modules/esm/module_job:268:25)
    at async onImport.tracePromise.__proto__ (node:internal/modules/esm/loader:543:26)
You have triggered an unhandledRejection, you may have forgotten to catch a Promise rejection:
ReferenceError: Cannot access 'app' before initialization
    at file:///home/websites/degenduel/server/index.js:17:14
    at ModuleJob.run (node:internal/modules/esm/module_job:268:25)
    at async onImport.tracePromise.__proto__ (node:internal/modules/esm/loader:543:26)
You have triggered an unhandledRejection, you may have forgotten to catch a Promise rejection:
ReferenceError: Cannot access 'app' before initialization
    at file:///home/websites/degenduel/server/index.js:17:14
    at ModuleJob.run (node:internal/modules/esm/module_job:268:25)
    at async onImport.tracePromise.__proto__ (node:internal/modules/esm/loader:543:26)
You have triggered an unhandledRejection, you may have forgotten to catch a Promise rejection:
ReferenceError: Cannot access 'app' before initialization
    at file:///home/websites/degenduel/server/index.js:17:14
    at ModuleJob.run (node:internal/modules/esm/module_job:268:25)
    at async onImport.tracePromise.__proto__ (node:internal/modules/esm/loader:543:26)
You have triggered an unhandledRejection, you may have forgotten to catch a Promise rejection:
ReferenceError: Cannot access 'app' before initialization
    at file:///home/websites/degenduel/server/index.js:17:14
    at ModuleJob.run (node:internal/modules/esm/module_job:268:25)
    at async onImport.tracePromise.__proto__ (node:internal/modules/esm/loader:543:26)
You have triggered an unhandledRejection, you may have forgotten to catch a Promise rejection:
ReferenceError: Cannot access 'app' before initialization
    at file:///home/websites/degenduel/server/index.js:17:14
    at ModuleJob.run (node:internal/modules/esm/module_job:268:25)
    at async onImport.tracePromise.__proto__ (node:internal/modules/esm/loader:543:26)
You have triggered an unhandledRejection, you may have forgotten to catch a Promise rejection:
ReferenceError: Cannot access 'app' before initialization
    at file:///home/websites/degenduel/server/index.js:17:14
    at ModuleJob.run (node:internal/modules/esm/module_job:268:25)
    at async onImport.tracePromise.__proto__ (node:internal/modules/esm/loader:543:26)
You have triggered an unhandledRejection, you may have forgotten to catch a Promise rejection:
ReferenceError: Cannot access 'app' before initialization
    at file:///home/websites/degenduel/server/index.js:17:14
    at ModuleJob.run (node:internal/modules/esm/module_job:268:25)
    at async onImport.tracePromise.__proto__ (node:internal/modules/esm/loader:543:26)
You have triggered an unhandledRejection, you may have forgotten to catch a Promise rejection:
ReferenceError: Cannot access 'app' before initialization
    at file:///home/websites/degenduel/server/index.js:17:14
    at ModuleJob.run (node:internal/modules/esm/module_job:268:25)
    at async onImport.tracePromise.__proto__ (node:internal/modules/esm/loader:543:26)
You have triggered an unhandledRejection, you may have forgotten to catch a Promise rejection:
ReferenceError: Cannot access 'app' before initialization
    at file:///home/websites/degenduel/server/index.js:17:14
    at ModuleJob.run (node:internal/modules/esm/module_job:268:25)
    at async onImport.tracePromise.__proto__ (node:internal/modules/esm/loader:543:26)
You have triggered an unhandledRejection, you may have forgotten to catch a Promise rejection:
ReferenceError: Cannot access 'app' before initialization
    at file:///home/websites/degenduel/server/index.js:17:14
    at ModuleJob.run (node:internal/modules/esm/module_job:268:25)
    at async onImport.tracePromise.__proto__ (node:internal/modules/esm/loader:543:26)
You have triggered an unhandledRejection, you may have forgotten to catch a Promise rejection:
ReferenceError: Cannot access 'app' before initialization
    at file:///home/websites/degenduel/server/index.js:17:14
    at ModuleJob.run (node:internal/modules/esm/module_job:268:25)
    at async onImport.tracePromise.__proto__ (node:internal/modules/esm/loader:543:26)
You have triggered an unhandledRejection, you may have forgotten to catch a Promise rejection:
ReferenceError: Cannot access 'app' before initialization
    at file:///home/websites/degenduel/server/index.js:17:14
    at ModuleJob.run (node:internal/modules/esm/module_job:268:25)
    at async onImport.tracePromise.__proto__ (node:internal/modules/esm/loader:543:26)
You have triggered an unhandledRejection, you may have forgotten to catch a Promise rejection:
ReferenceError: Cannot access 'app' before initialization
    at file:///home/websites/degenduel/server/index.js:17:14
    at ModuleJob.run (node:internal/modules/esm/module_job:268:25)
    at async onImport.tracePromise.__proto__ (node:internal/modules/esm/loader:543:26)
You have triggered an unhandledRejection, you may have forgotten to catch a Promise rejection:
ReferenceError: Cannot access 'app' before initialization
    at file:///home/websites/degenduel/server/index.js:17:14
    at ModuleJob.run (node:internal/modules/esm/module_job:268:25)
    at async onImport.tracePromise.__proto__ (node:internal/modules/esm/loader:543:26)
You have triggered an unhandledRejection, you may have forgotten to catch a Promise rejection:
ReferenceError: Cannot access 'app' before initialization
    at file:///home/websites/degenduel/server/index.js:17:14
    at ModuleJob.run (node:internal/modules/esm/module_job:268:25)
    at async onImport.tracePromise.__proto__ (node:internal/modules/esm/loader:543:26)
You have triggered an unhandledRejection, you may have forgotten to catch a Promise rejection:
ReferenceError: Cannot access 'app' before initialization
    at file:///home/websites/degenduel/server/index.js:17:14
    at ModuleJob.run (node:internal/modules/esm/module_job:268:25)
    at async onImport.tracePromise.__proto__ (node:internal/modules/esm/loader:543:26)
You have triggered an unhandledRejection, you may have forgotten to catch a Promise rejection:
ReferenceError: Cannot access 'app' before initialization
    at file:///home/websites/degenduel/server/index.js:17:14
    at ModuleJob.run (node:internal/modules/esm/module_job:268:25)
    at async onImport.tracePromise.__proto__ (node:internal/modules/esm/loader:543:26)
You have triggered an unhandledRejection, you may have forgotten to catch a Promise rejection:
ReferenceError: Cannot access 'app' before initialization
    at file:///home/websites/degenduel/server/index.js:17:14
    at ModuleJob.run (node:internal/modules/esm/module_job:268:25)
    at async onImport.tracePromise.__proto__ (node:internal/modules/esm/loader:543:26)
You have triggered an unhandledRejection, you may have forgotten to catch a Promise rejection:
ReferenceError: Cannot access 'app' before initialization
    at file:///home/websites/degenduel/server/index.js:17:14
    at ModuleJob.run (node:internal/modules/esm/module_job:268:25)
    at async onImport.tracePromise.__proto__ (node:internal/modules/esm/loader:543:26)
You have triggered an unhandledRejection, you may have forgotten to catch a Promise rejection:
ReferenceError: Cannot access 'app' before initialization
    at file:///home/websites/degenduel/server/index.js:17:14
    at ModuleJob.run (node:internal/modules/esm/module_job:268:25)
    at async onImport.tracePromise.__proto__ (node:internal/modules/esm/loader:543:26)
You have triggered an unhandledRejection, you may have forgotten to catch a Promise rejection:
ReferenceError: Cannot access 'app' before initialization
    at file:///home/websites/degenduel/server/index.js:17:14
    at ModuleJob.run (node:internal/modules/esm/module_job:268:25)
    at async onImport.tracePromise.__proto__ (node:internal/modules/esm/loader:543:26)
You have triggered an unhandledRejection, you may have forgotten to catch a Promise rejection:
ReferenceError: Cannot access 'app' before initialization
    at file:///home/websites/degenduel/server/index.js:17:14
    at ModuleJob.run (node:internal/modules/esm/module_job:268:25)
    at async onImport.tracePromise.__proto__ (node:internal/modules/esm/loader:543:26)
You have triggered an unhandledRejection, you may have forgotten to catch a Promise rejection:
ReferenceError: Cannot access 'app' before initialization
    at file:///home/websites/degenduel/server/index.js:17:14
    at ModuleJob.run (node:internal/modules/esm/module_job:268:25)
    at async onImport.tracePromise.__proto__ (node:internal/modules/esm/loader:543:26)
You have triggered an unhandledRejection, you may have forgotten to catch a Promise rejection:
ReferenceError: Cannot access 'app' before initialization
    at file:///home/websites/degenduel/server/index.js:17:14
    at ModuleJob.run (node:internal/modules/esm/module_job:268:25)
    at async onImport.tracePromise.__proto__ (node:internal/modules/esm/loader:543:26)
You have triggered an unhandledRejection, you may have forgotten to catch a Promise rejection:
ReferenceError: Cannot access 'app' before initialization
    at file:///home/websites/degenduel/server/index.js:17:14
    at ModuleJob.run (node:internal/modules/esm/module_job:268:25)
    at async onImport.tracePromise.__proto__ (node:internal/modules/esm/loader:543:26)
You have triggered an unhandledRejection, you may have forgotten to catch a Promise rejection:
ReferenceError: Cannot access 'app' before initialization
    at file:///home/websites/degenduel/server/index.js:17:14
    at ModuleJob.run (node:internal/modules/esm/module_job:268:25)
    at async onImport.tracePromise.__proto__ (node:internal/modules/esm/loader:543:26)
You have triggered an unhandledRejection, you may have forgotten to catch a Promise rejection:
ReferenceError: Cannot access 'app' before initialization
    at file:///home/websites/degenduel/server/index.js:17:14
    at ModuleJob.run (node:internal/modules/esm/module_job:268:25)
    at async onImport.tracePromise.__proto__ (node:internal/modules/esm/loader:543:26)
You have triggered an unhandledRejection, you may have forgotten to catch a Promise rejection:
ReferenceError: Cannot access 'app' before initialization
    at file:///home/websites/degenduel/server/index.js:17:14
    at ModuleJob.run (node:internal/modules/esm/module_job:268:25)
    at async onImport.tracePromise.__proto__ (node:internal/modules/esm/loader:543:26)
You have triggered an unhandledRejection, you may have forgotten to catch a Promise rejection:
ReferenceError: Cannot access 'app' before initialization
    at file:///home/websites/degenduel/server/index.js:17:14
    at ModuleJob.run (node:internal/modules/esm/module_job:268:25)
    at async onImport.tracePromise.__proto__ (node:internal/modules/esm/loader:543:26)
You have triggered an unhandledRejection, you may have forgotten to catch a Promise rejection:
ReferenceError: Cannot access 'app' before initialization
    at file:///home/websites/degenduel/server/index.js:17:14
    at ModuleJob.run (node:internal/modules/esm/module_job:268:25)
    at async onImport.tracePromise.__proto__ (node:internal/modules/esm/loader:543:26)
You have triggered an unhandledRejection, you may have forgotten to catch a Promise rejection:
ReferenceError: Cannot access 'app' before initialization
    at file:///home/websites/degenduel/server/index.js:17:14
    at ModuleJob.run (node:internal/modules/esm/module_job:268:25)
    at async onImport.tracePromise.__proto__ (node:internal/modules/esm/loader:543:26)
You have triggered an unhandledRejection, you may have forgotten to catch a Promise rejection:
ReferenceError: Cannot access 'app' before initialization
    at file:///home/websites/degenduel/server/index.js:17:14
    at ModuleJob.run (node:internal/modules/esm/module_job:268:25)
    at async onImport.tracePromise.__proto__ (node:internal/modules/esm/loader:543:26)
You have triggered an unhandledRejection, you may have forgotten to catch a Promise rejection:
ReferenceError: Cannot access 'app' before initialization
    at file:///home/websites/degenduel/server/index.js:17:14
    at ModuleJob.run (node:internal/modules/esm/module_job:268:25)
    at async onImport.tracePromise.__proto__ (node:internal/modules/esm/loader:543:26)
You have triggered an unhandledRejection, you may have forgotten to catch a Promise rejection:
ReferenceError: Cannot access 'app' before initialization
    at file:///home/websites/degenduel/server/index.js:17:14
    at ModuleJob.run (node:internal/modules/esm/module_job:268:25)
    at async onImport.tracePromise.__proto__ (node:internal/modules/esm/loader:543:26)
You have triggered an unhandledRejection, you may have forgotten to catch a Promise rejection:
ReferenceError: Cannot access 'app' before initialization
    at file:///home/websites/degenduel/server/index.js:17:14
    at ModuleJob.run (node:internal/modules/esm/module_job:268:25)
    at async onImport.tracePromise.__proto__ (node:internal/modules/esm/loader:543:26)
You have triggered an unhandledRejection, you may have forgotten to catch a Promise rejection:
ReferenceError: Cannot access 'app' before initialization
    at file:///home/websites/degenduel/server/index.js:17:14
    at ModuleJob.run (node:internal/modules/esm/module_job:268:25)
    at async onImport.tracePromise.__proto__ (node:internal/modules/esm/loader:543:26)
You have triggered an unhandledRejection, you may have forgotten to catch a Promise rejection:
ReferenceError: Cannot access 'app' before initialization
    at file:///home/websites/degenduel/server/index.js:17:14
    at ModuleJob.run (node:internal/modules/esm/module_job:268:25)
    at async onImport.tracePromise.__proto__ (node:internal/modules/esm/loader:543:26)
You have triggered an unhandledRejection, you may have forgotten to catch a Promise rejection:
ReferenceError: Cannot access 'app' before initialization
    at file:///home/websites/degenduel/server/index.js:17:14
    at ModuleJob.run (node:internal/modules/esm/module_job:268:25)
    at async onImport.tracePromise.__proto__ (node:internal/modules/esm/loader:543:26)
You have triggered an unhandledRejection, you may have forgotten to catch a Promise rejection:
ReferenceError: Cannot access 'app' before initialization
    at file:///home/websites/degenduel/server/index.js:17:14
    at ModuleJob.run (node:internal/modules/esm/module_job:268:25)
    at async onImport.tracePromise.__proto__ (node:internal/modules/esm/loader:543:26)
You have triggered an unhandledRejection, you may have forgotten to catch a Promise rejection:
ReferenceError: Cannot access 'app' before initialization
    at file:///home/websites/degenduel/server/index.js:17:14
    at ModuleJob.run (node:internal/modules/esm/module_job:268:25)
    at async onImport.tracePromise.__proto__ (node:internal/modules/esm/loader:543:26)
You have triggered an unhandledRejection, you may have forgotten to catch a Promise rejection:
ReferenceError: Cannot access 'app' before initialization
    at file:///home/websites/degenduel/server/index.js:17:14
    at ModuleJob.run (node:internal/modules/esm/module_job:268:25)
    at async onImport.tracePromise.__proto__ (node:internal/modules/esm/loader:543:26)
You have triggered an unhandledRejection, you may have forgotten to catch a Promise rejection:
ReferenceError: Cannot access 'app' before initialization
    at file:///home/websites/degenduel/server/index.js:17:14
    at ModuleJob.run (node:internal/modules/esm/module_job:268:25)
    at async onImport.tracePromise.__proto__ (node:internal/modules/esm/loader:543:26)
You have triggered an unhandledRejection, you may have forgotten to catch a Promise rejection:
ReferenceError: Cannot access 'app' before initialization
    at file:///home/websites/degenduel/server/index.js:17:14
    at ModuleJob.run (node:internal/modules/esm/module_job:268:25)
    at async onImport.tracePromise.__proto__ (node:internal/modules/esm/loader:543:26)
You have triggered an unhandledRejection, you may have forgotten to catch a Promise rejection:
ReferenceError: Cannot access 'app' before initialization
    at file:///home/websites/degenduel/server/index.js:17:14
    at ModuleJob.run (node:internal/modules/esm/module_job:268:25)
    at async onImport.tracePromise.__proto__ (node:internal/modules/esm/loader:543:26)
You have triggered an unhandledRejection, you may have forgotten to catch a Promise rejection:
ReferenceError: Cannot access 'app' before initialization
    at file:///home/websites/degenduel/server/index.js:17:14
    at ModuleJob.run (node:internal/modules/esm/module_job:268:25)
    at async onImport.tracePromise.__proto__ (node:internal/modules/esm/loader:543:26)
You have triggered an unhandledRejection, you may have forgotten to catch a Promise rejection:
ReferenceError: Cannot access 'app' before initialization
    at file:///home/websites/degenduel/server/index.js:17:14
    at ModuleJob.run (node:internal/modules/esm/module_job:268:25)
    at async onImport.tracePromise.__proto__ (node:internal/modules/esm/loader:543:26)
You have triggered an unhandledRejection, you may have forgotten to catch a Promise rejection:
ReferenceError: Cannot access 'app' before initialization
    at file:///home/websites/degenduel/server/index.js:17:14
    at ModuleJob.run (node:internal/modules/esm/module_job:268:25)
    at async onImport.tracePromise.__proto__ (node:internal/modules/esm/loader:543:26)
You have triggered an unhandledRejection, you may have forgotten to catch a Promise rejection:
ReferenceError: Cannot access 'app' before initialization
    at file:///home/websites/degenduel/server/index.js:17:14
    at ModuleJob.run (node:internal/modules/esm/module_job:268:25)
    at async onImport.tracePromise.__proto__ (node:internal/modules/esm/loader:543:26)
You have triggered an unhandledRejection, you may have forgotten to catch a Promise rejection:
ReferenceError: Cannot access 'app' before initialization
    at file:///home/websites/degenduel/server/index.js:17:14
    at ModuleJob.run (node:internal/modules/esm/module_job:268:25)
    at async onImport.tracePromise.__proto__ (node:internal/modules/esm/loader:543:26)
You have triggered an unhandledRejection, you may have forgotten to catch a Promise rejection:
ReferenceError: Cannot access 'app' before initialization
    at file:///home/websites/degenduel/server/index.js:17:14
    at ModuleJob.run (node:internal/modules/esm/module_job:268:25)
    at async onImport.tracePromise.__proto__ (node:internal/modules/esm/loader:543:26)
You have triggered an unhandledRejection, you may have forgotten to catch a Promise rejection:
ReferenceError: Cannot access 'app' before initialization
    at file:///home/websites/degenduel/server/index.js:17:14
    at ModuleJob.run (node:internal/modules/esm/module_job:268:25)
    at async onImport.tracePromise.__proto__ (node:internal/modules/esm/loader:543:26)
You have triggered an unhandledRejection, you may have forgotten to catch a Promise rejection:
ReferenceError: Cannot access 'app' before initialization
    at file:///home/websites/degenduel/server/index.js:17:14
    at ModuleJob.run (node:internal/modules/esm/module_job:268:25)
    at async onImport.tracePromise.__proto__ (node:internal/modules/esm/loader:543:26)
You have triggered an unhandledRejection, you may have forgotten to catch a Promise rejection:
ReferenceError: Cannot access 'app' before initialization
    at file:///home/websites/degenduel/server/index.js:17:14
    at ModuleJob.run (node:internal/modules/esm/module_job:268:25)
    at async onImport.tracePromise.__proto__ (node:internal/modules/esm/loader:543:26)
You have triggered an unhandledRejection, you may have forgotten to catch a Promise rejection:
ReferenceError: Cannot access 'app' before initialization
    at file:///home/websites/degenduel/server/index.js:17:14
    at ModuleJob.run (node:internal/modules/esm/module_job:268:25)
    at async onImport.tracePromise.__proto__ (node:internal/modules/esm/loader:543:26)
You have triggered an unhandledRejection, you may have forgotten to catch a Promise rejection:
ReferenceError: Cannot access 'app' before initialization
    at file:///home/websites/degenduel/server/index.js:17:14
    at ModuleJob.run (node:internal/modules/esm/module_job:268:25)
    at async onImport.tracePromise.__proto__ (node:internal/modules/esm/loader:543:26)
You have triggered an unhandledRejection, you may have forgotten to catch a Promise rejection:
ReferenceError: Cannot access 'app' before initialization
    at file:///home/websites/degenduel/server/index.js:17:14
    at ModuleJob.run (node:internal/modules/esm/module_job:268:25)
    at async onImport.tracePromise.__proto__ (node:internal/modules/esm/loader:543:26)
You have triggered an unhandledRejection, you may have forgotten to catch a Promise rejection:
ReferenceError: Cannot access 'app' before initialization
    at file:///home/websites/degenduel/server/index.js:17:14
    at ModuleJob.run (node:internal/modules/esm/module_job:268:25)
    at async onImport.tracePromise.__proto__ (node:internal/modules/esm/loader:543:26)
You have triggered an unhandledRejection, you may have forgotten to catch a Promise rejection:
ReferenceError: Cannot access 'app' before initialization
    at file:///home/websites/degenduel/server/index.js:17:14
    at ModuleJob.run (node:internal/modules/esm/module_job:268:25)
    at async onImport.tracePromise.__proto__ (node:internal/modules/esm/loader:543:26)
You have triggered an unhandledRejection, you may have forgotten to catch a Promise rejection:
ReferenceError: Cannot access 'app' before initialization
    at file:///home/websites/degenduel/server/index.js:17:14
    at ModuleJob.run (node:internal/modules/esm/module_job:268:25)
    at async onImport.tracePromise.__proto__ (node:internal/modules/esm/loader:543:26)
You have triggered an unhandledRejection, you may have forgotten to catch a Promise rejection:
ReferenceError: Cannot access 'app' before initialization
    at file:///home/websites/degenduel/server/index.js:17:14
    at ModuleJob.run (node:internal/modules/esm/module_job:268:25)
    at async onImport.tracePromise.__proto__ (node:internal/modules/esm/loader:543:26)
You have triggered an unhandledRejection, you may have forgotten to catch a Promise rejection:
ReferenceError: Cannot access 'app' before initialization
    at file:///home/websites/degenduel/server/index.js:17:14
    at ModuleJob.run (node:internal/modules/esm/module_job:268:25)
    at async onImport.tracePromise.__proto__ (node:internal/modules/esm/loader:543:26)
You have triggered an unhandledRejection, you may have forgotten to catch a Promise rejection:
ReferenceError: Cannot access 'app' before initialization
    at file:///home/websites/degenduel/server/index.js:17:14
    at ModuleJob.run (node:internal/modules/esm/module_job:268:25)
    at async onImport.tracePromise.__proto__ (node:internal/modules/esm/loader:543:26)
You have triggered an unhandledRejection, you may have forgotten to catch a Promise rejection:
ReferenceError: Cannot access 'app' before initialization
    at file:///home/websites/degenduel/server/index.js:17:14
    at ModuleJob.run (node:internal/modules/esm/module_job:268:25)
    at async onImport.tracePromise.__proto__ (node:internal/modules/esm/loader:543:26)
You have triggered an unhandledRejection, you may have forgotten to catch a Promise rejection:
ReferenceError: Cannot access 'app' before initialization
    at file:///home/websites/degenduel/server/index.js:17:14
    at ModuleJob.run (node:internal/modules/esm/module_job:268:25)
    at async onImport.tracePromise.__proto__ (node:internal/modules/esm/loader:543:26)
You have triggered an unhandledRejection, you may have forgotten to catch a Promise rejection:
ReferenceError: Cannot access 'app' before initialization
    at file:///home/websites/degenduel/server/index.js:17:14
    at ModuleJob.run (node:internal/modules/esm/module_job:268:25)
    at async onImport.tracePromise.__proto__ (node:internal/modules/esm/loader:543:26)
You have triggered an unhandledRejection, you may have forgotten to catch a Promise rejection:
ReferenceError: Cannot access 'app' before initialization
    at file:///home/websites/degenduel/server/index.js:17:14
    at ModuleJob.run (node:internal/modules/esm/module_job:268:25)
    at async onImport.tracePromise.__proto__ (node:internal/modules/esm/loader:543:26)
You have triggered an unhandledRejection, you may have forgotten to catch a Promise rejection:
ReferenceError: Cannot access 'app' before initialization
    at file:///home/websites/degenduel/server/index.js:17:14
    at ModuleJob.run (node:internal/modules/esm/module_job:268:25)
    at async onImport.tracePromise.__proto__ (node:internal/modules/esm/loader:543:26)
You have triggered an unhandledRejection, you may have forgotten to catch a Promise rejection:
ReferenceError: Cannot access 'app' before initialization
    at file:///home/websites/degenduel/server/index.js:17:14
    at ModuleJob.run (node:internal/modules/esm/module_job:268:25)
    at async onImport.tracePromise.__proto__ (node:internal/modules/esm/loader:543:26)
You have triggered an unhandledRejection, you may have forgotten to catch a Promise rejection:
ReferenceError: Cannot access 'app' before initialization
    at file:///home/websites/degenduel/server/index.js:17:14
    at ModuleJob.run (node:internal/modules/esm/module_job:268:25)
    at async onImport.tracePromise.__proto__ (node:internal/modules/esm/loader:543:26)
You have triggered an unhandledRejection, you may have forgotten to catch a Promise rejection:
ReferenceError: Cannot access 'app' before initialization
    at file:///home/websites/degenduel/server/index.js:17:14
    at ModuleJob.run (node:internal/modules/esm/module_job:268:25)
    at async onImport.tracePromise.__proto__ (node:internal/modules/esm/loader:543:26)
You have triggered an unhandledRejection, you may have forgotten to catch a Promise rejection:
ReferenceError: Cannot access 'app' before initialization
    at file:///home/websites/degenduel/server/index.js:17:14
    at ModuleJob.run (node:internal/modules/esm/module_job:268:25)
    at async onImport.tracePromise.__proto__ (node:internal/modules/esm/loader:543:26)
You have triggered an unhandledRejection, you may have forgotten to catch a Promise rejection:
ReferenceError: Cannot access 'app' before initialization
    at file:///home/websites/degenduel/server/index.js:17:14
    at ModuleJob.run (node:internal/modules/esm/module_job:268:25)
    at async onImport.tracePromise.__proto__ (node:internal/modules/esm/loader:543:26)
You have triggered an unhandledRejection, you may have forgotten to catch a Promise rejection:
ReferenceError: Cannot access 'app' before initialization
    at file:///home/websites/degenduel/server/index.js:17:14
    at ModuleJob.run (node:internal/modules/esm/module_job:268:25)
    at async onImport.tracePromise.__proto__ (node:internal/modules/esm/loader:543:26)
You have triggered an unhandledRejection, you may have forgotten to catch a Promise rejection:
ReferenceError: Cannot access 'app' before initialization
    at file:///home/websites/degenduel/server/index.js:17:14
    at ModuleJob.run (node:internal/modules/esm/module_job:268:25)
    at async onImport.tracePromise.__proto__ (node:internal/modules/esm/loader:543:26)
