2024-12-13 22:14:52 -05:00: Starting API server with config: {
  port: '3003',
  nodeEnv: 'production',
  dbHost: 'localhost',
  dbName: 'degenduel',
  dbUser: 'branchmanager',
  hasDbPassword: true
}
2024-12-13 22:14:52 -05:00: Initializing databases...
2024-12-13 22:14:52 -05:00: API server started and listening on port 3003
2024-12-13 22:20:17 -05:00: Starting API server with config: {
  port: '3003',
  nodeEnv: 'production',
  dbHost: 'localhost',
  dbName: 'degenduel',
  dbUser: 'branchmanager',
  hasDbPassword: true
}
2024-12-13 22:20:17 -05:00: Initializing databases...
2024-12-13 22:20:17 -05:00: API server started and listening on port 3003
2024-12-13 22:20:25 -05:00: Starting API server with config: {
  port: '3003',
  nodeEnv: 'production',
  dbHost: 'localhost',
  dbName: 'degenduel',
  dbUser: 'branchmanager',
  hasDbPassword: true
}
2024-12-13 22:20:25 -05:00: Initializing databases...
2024-12-13 22:20:25 -05:00: API server started and listening on port 3003
2024-12-13 22:23:19 -05:00: Starting API server with config: {
  port: '3003',
  nodeEnv: 'production',
  dbHost: 'localhost',
  dbName: 'degenduel',
  dbUser: 'branchmanager',
  hasDbPassword: true
}
2024-12-13 22:23:19 -05:00: Initializing databases...
2024-12-13 22:23:19 -05:00: API server started and listening on port 3003
2024-12-13 22:23:22 -05:00: Starting API server with config: {
  port: '3003',
  nodeEnv: 'production',
  dbHost: 'localhost',
  dbName: 'degenduel',
  dbUser: 'branchmanager',
  hasDbPassword: true
}
2024-12-13 22:23:22 -05:00: Initializing databases...
2024-12-13 22:23:22 -05:00: API server started and listening on port 3003
2024-12-13 22:25:05 -05:00: Starting API server with config: {
  port: '3003',
  nodeEnv: 'production',
  dbHost: 'localhost',
  dbName: 'degenduel',
  dbUser: 'branchmanager',
  hasDbPassword: true
}
2024-12-13 22:25:05 -05:00: Initializing databases...
2024-12-13 22:25:05 -05:00: API server started and listening on port 3003
2024-12-13 22:25:07 -05:00: Starting API server with config: {
  port: '3003',
  nodeEnv: 'production',
  dbHost: 'localhost',
  dbName: 'degenduel',
  dbUser: 'branchmanager',
  hasDbPassword: true
}
2024-12-13 22:25:07 -05:00: Initializing databases...
2024-12-13 22:25:07 -05:00: API server started and listening on port 3003
2024-12-13 22:34:10 -05:00: Starting API server with config: {
  port: '3003',
  nodeEnv: 'production',
  dbHost: 'localhost',
  dbName: 'degenduel',
  dbUser: 'branchmanager',
  hasDbPassword: true
}
2024-12-13 22:34:10 -05:00: Initializing databases...
2024-12-13 22:34:10 -05:00: API server started and listening on port 3003
2024-12-13 22:44:20 -05:00: Starting API server with config: {
  port: '3003',
  nodeEnv: 'production',
  dbHost: 'localhost',
  dbName: 'degenduel',
  dbUser: 'branchmanager',
  hasDbPassword: true
}
2024-12-13 22:44:20 -05:00: Swagger docs available at /api-docs
2024-12-13 22:44:20 -05:00: Initializing databases...
2024-12-13 22:44:20 -05:00: API server started and listening on port 3003
2024-12-13 22:48:46 -05:00: Starting API server with config: {
  port: '3003',
  nodeEnv: 'production',
  dbHost: 'localhost',
  dbName: 'degenduel',
  dbUser: 'branchmanager',
  hasDbPassword: true
}
2024-12-13 22:48:46 -05:00: Swagger docs available at /api-docs
2024-12-13 22:48:46 -05:00: Initializing databases...
2024-12-13 22:48:46 -05:00: API server started and listening on port 3003
2024-12-13 22:56:51 -05:00: Starting API server with config: {
  port: '3003',
  nodeEnv: 'production',
  dbHost: 'localhost',
  dbName: 'degenduel',
  dbUser: 'branchmanager',
  hasDbPassword: true
}
2024-12-13 22:56:51 -05:00: Swagger docs available at /api-docs
2024-12-13 22:56:51 -05:00: Initializing databases...
2024-12-13 22:56:51 -05:00: API server started and listening on port 3003
2024-12-13 22:56:54 -05:00: Starting API server with config: {
  port: '3003',
  nodeEnv: 'production',
  dbHost: 'localhost',
  dbName: 'degenduel',
  dbUser: 'branchmanager',
  hasDbPassword: true
}
2024-12-13 22:56:54 -05:00: Swagger docs available at /api-docs
2024-12-13 22:56:54 -05:00: Initializing databases...
2024-12-13 22:56:54 -05:00: API server started and listening on port 3003
2024-12-13 23:03:16 -05:00: Starting API server with config: {
  port: '3003',
  nodeEnv: 'production',
  dbHost: 'localhost',
  dbName: 'degenduel',
  dbUser: 'branchmanager',
  hasDbPassword: true
}
2024-12-13 23:03:16 -05:00: Swagger docs available at /api-docs
2024-12-13 23:03:16 -05:00: Initializing databases...
2024-12-13 23:03:16 -05:00: API server started and listening on port 3003
2024-12-13 23:04:16 -05:00: Starting API server with config: {
  port: '3003',
  nodeEnv: 'production',
  dbHost: 'localhost',
  dbName: 'degenduel',
  dbUser: 'branchmanager',
  hasDbPassword: true
}
2024-12-13 23:04:16 -05:00: Swagger docs available at /api-docs
2024-12-13 23:04:16 -05:00: Initializing databases...
2024-12-13 23:04:17 -05:00: API server started and listening on port 3003
2024-12-13 23:06:08 -05:00: Starting API server with config: {
  port: '3003',
  nodeEnv: 'production',
  dbHost: 'localhost',
  dbName: 'degenduel',
  dbUser: 'branchmanager',
  hasDbPassword: true
}
2024-12-13 23:06:08 -05:00: Swagger docs available at /api-docs
2024-12-13 23:06:08 -05:00: Initializing databases...
2024-12-13 23:06:08 -05:00: API server started and listening on port 3003
2024-12-13 23:17:14 -05:00: Starting API server with config: {
  port: '3003',
  nodeEnv: 'production',
  dbHost: 'localhost',
  dbName: 'degenduel',
  dbUser: 'branchmanager',
  hasDbPassword: true
}
2024-12-13 23:17:14 -05:00: Swagger docs available at /api-docs
2024-12-13 23:17:14 -05:00: Initializing databases...
2024-12-13 23:17:14 -05:00: API server started and listening on port 3003
2024-12-13 23:27:00 -05:00: Starting API server with config: {
  port: '3003',
  nodeEnv: 'production',
  dbHost: 'localhost',
  dbName: 'degenduel',
  dbUser: 'branchmanager',
  hasDbPassword: true
}
2024-12-13 23:27:00 -05:00: Swagger docs available at /api-docs
2024-12-13 23:27:00 -05:00: Initializing databases...
2024-12-13 23:27:00 -05:00: API server started and listening on port 3003
2024-12-13 23:29:35 -05:00: Starting API server with config: {
  port: '3003',
  nodeEnv: 'production',
  dbHost: 'localhost',
  dbName: 'degenduel',
  dbUser: 'branchmanager',
  hasDbPassword: true
}
2024-12-13 23:29:35 -05:00: Swagger docs available at /api-docs
2024-12-13 23:29:35 -05:00: Initializing databases...
2024-12-13 23:29:35 -05:00: API server started and listening on port 3003
2024-12-13 23:36:47 -05:00: Starting API server with config: {
  port: '3003',
  nodeEnv: 'production',
  dbHost: 'localhost',
  dbName: 'degenduel',
  dbUser: 'branchmanager',
  hasDbPassword: true
}
2024-12-13 23:36:47 -05:00: Swagger docs available at /api-docs
2024-12-13 23:36:47 -05:00: Initializing databases...
2024-12-13 23:36:47 -05:00: API server started and listening on port 3003
2024-12-13 23:43:22 -05:00: Starting API server with config: {
  port: '3003',
  nodeEnv: 'production',
  dbHost: 'localhost',
  dbName: 'degenduel',
  dbUser: 'branchmanager',
  hasDbPassword: true
}
2024-12-13 23:43:22 -05:00: Swagger docs available at /api-docs
2024-12-13 23:43:22 -05:00: Initializing databases...
2024-12-13 23:43:22 -05:00: API server started and listening on port 3003
2024-12-13 23:43:28 -05:00: Starting API server with config: {
  port: '3003',
  nodeEnv: 'production',
  dbHost: 'localhost',
  dbName: 'degenduel',
  dbUser: 'branchmanager',
  hasDbPassword: true
}
2024-12-13 23:43:28 -05:00: Swagger docs available at /api-docs
2024-12-13 23:43:28 -05:00: Initializing databases...
2024-12-13 23:43:28 -05:00: API server started and listening on port 3003
2024-12-13 23:53:36 -05:00: Starting API server with config: {
  port: '3003',
  nodeEnv: 'production',
  dbHost: 'localhost',
  dbName: 'degenduel',
  dbUser: 'branchmanager',
  hasDbPassword: true
}
2024-12-13 23:53:36 -05:00: Swagger docs available at /api-docs
2024-12-13 23:53:36 -05:00: Initializing databases...
2024-12-13 23:53:36 -05:00: API server started and listening on port 3003
