You have triggered an unhandledRejection, you may have forgotten to catch a Promise rejection:
Error [ERR_MODULE_NOT_FOUND]: Cannot find module '/home/websites/degenduel/config/prisma.js' imported from /home/websites/degenduel/routes/prisma/leaderboard.js
    at finalizeResolution (node:internal/modules/esm/resolve:275:11)
    at moduleResolve (node:internal/modules/esm/resolve:860:10)
    at defaultResolve (node:internal/modules/esm/resolve:984:11)
    at ModuleLoader.defaultResolve (node:internal/modules/esm/loader:688:12)
    at #cachedDefaultResolve (node:internal/modules/esm/loader:612:25)
    at ModuleLoader.resolve (node:internal/modules/esm/loader:595:38)
    at ModuleLoader.getModuleJobForImport (node:internal/modules/esm/loader:248:38)
    at ModuleJob._link (node:internal/modules/esm/module_job:136:49)
You have triggered an unhandledRejection, you may have forgotten to catch a Promise rejection:
Error [ERR_MODULE_NOT_FOUND]: Cannot find module '/home/websites/degenduel/config/prisma.js' imported from /home/websites/degenduel/routes/prisma/leaderboard.js
    at finalizeResolution (node:internal/modules/esm/resolve:275:11)
    at moduleResolve (node:internal/modules/esm/resolve:860:10)
    at defaultResolve (node:internal/modules/esm/resolve:984:11)
    at ModuleLoader.defaultResolve (node:internal/modules/esm/loader:688:12)
    at #cachedDefaultResolve (node:internal/modules/esm/loader:612:25)
    at ModuleLoader.resolve (node:internal/modules/esm/loader:595:38)
    at ModuleLoader.getModuleJobForImport (node:internal/modules/esm/loader:248:38)
    at ModuleJob._link (node:internal/modules/esm/module_job:136:49)
2025-01-25 01:02:23 -05:00: (node:1031803) [DEP0040] DeprecationWarning: The `punycode` module is deprecated. Please use a userland alternative instead.
(Use `node --trace-deprecation ...` to show where the warning was created)
2025-01-25 01:04:29 -05:00: (node:1032365) [DEP0040] DeprecationWarning: The `punycode` module is deprecated. Please use a userland alternative instead.
(Use `node --trace-deprecation ...` to show where the warning was created)
2025-01-25 01:11:43 -05:00: (node:1033804) [DEP0040] DeprecationWarning: The `punycode` module is deprecated. Please use a userland alternative instead.
(Use `node --trace-deprecation ...` to show where the warning was created)
2025-01-25 01:12:54 -05:00: (node:1034127) [DEP0040] DeprecationWarning: The `punycode` module is deprecated. Please use a userland alternative instead.
(Use `node --trace-deprecation ...` to show where the warning was created)
2025-01-25 01:13:37 -05:00: (node:1034313) [DEP0040] DeprecationWarning: The `punycode` module is deprecated. Please use a userland alternative instead.
(Use `node --trace-deprecation ...` to show where the warning was created)
2025-01-25 01:14:19 -05:00: (node:1034565) [DEP0040] DeprecationWarning: The `punycode` module is deprecated. Please use a userland alternative instead.
(Use `node --trace-deprecation ...` to show where the warning was created)
2025-01-25 01:23:08 -05:00: (node:1035632) [DEP0040] DeprecationWarning: The `punycode` module is deprecated. Please use a userland alternative instead.
(Use `node --trace-deprecation ...` to show where the warning was created)
2025-01-25 01:43:53 -05:00: (node:1039313) [DEP0040] DeprecationWarning: The `punycode` module is deprecated. Please use a userland alternative instead.
(Use `node --trace-deprecation ...` to show where the warning was created)
